
2024/07/16 (01:02:53) | ===> btop++ v.1.3.2
2024/07/16 (01:02:53) | WARNING: ROCm SMI: Failed to get device name
2024/07/16 (01:02:53) | WARNING: ROCm SMI: Failed to get maximum GPU temperature, defaulting to 110°C
2024/07/16 (01:02:53) | WARNING: ROCm SMI: Failed to get PCIe throughput
2024/07/16 (01:02:53) | WARNING: ROCm SMI: Failed to get maximum GPU power draw, defaulting to 225W
2024/07/16 (01:02:53) | WARNING: ROCm SMI: Failed to get maximum GPU temperature, defaulting to 110°C
2024/07/16 (01:02:53) | WARNING: ROCm SMI: Failed to get VRAM utilization
2024/07/16 (01:02:53) | WARNING: ROCm SMI: Failed to get PCIe throughput

2024/07/16 (01:03:08) | ===> btop++ v.1.3.2
2024/07/16 (01:03:08) | WARNING: ROCm SMI: Failed to get device name
2024/07/16 (01:03:08) | WARNING: ROCm SMI: Failed to get maximum GPU temperature, defaulting to 110°C
2024/07/16 (01:03:08) | WARNING: ROCm SMI: Failed to get PCIe throughput
2024/07/16 (01:03:08) | WARNING: ROCm SMI: Failed to get maximum GPU power draw, defaulting to 225W
2024/07/16 (01:03:08) | WARNING: ROCm SMI: Failed to get maximum GPU temperature, defaulting to 110°C
2024/07/16 (01:03:08) | WARNING: ROCm SMI: Failed to get VRAM utilization
2024/07/16 (01:03:08) | WARNING: ROCm SMI: Failed to get PCIe throughput

2024/07/16 (01:03:33) | ===> btop++ v.1.3.2
2024/07/16 (01:03:33) | WARNING: ROCm SMI: Failed to get device name
2024/07/16 (01:03:33) | WARNING: ROCm SMI: Failed to get maximum GPU temperature, defaulting to 110°C
2024/07/16 (01:03:33) | WARNING: ROCm SMI: Failed to get PCIe throughput
2024/07/16 (01:03:33) | WARNING: ROCm SMI: Failed to get maximum GPU power draw, defaulting to 225W
2024/07/16 (01:03:33) | WARNING: ROCm SMI: Failed to get maximum GPU temperature, defaulting to 110°C
2024/07/16 (01:03:33) | WARNING: ROCm SMI: Failed to get VRAM utilization
2024/07/16 (01:03:33) | WARNING: ROCm SMI: Failed to get PCIe throughput

2024/07/16 (10:08:57) | ===> btop++ v.1.3.2
2024/07/16 (10:08:57) | WARNING: ROCm SMI: Failed to get device name
2024/07/16 (10:08:57) | WARNING: ROCm SMI: Failed to get maximum GPU temperature, defaulting to 110°C
2024/07/16 (10:08:57) | WARNING: ROCm SMI: Failed to get PCIe throughput
2024/07/16 (10:08:57) | WARNING: ROCm SMI: Failed to get maximum GPU power draw, defaulting to 225W
2024/07/16 (10:08:57) | WARNING: ROCm SMI: Failed to get maximum GPU temperature, defaulting to 110°C
2024/07/16 (10:08:57) | WARNING: ROCm SMI: Failed to get VRAM utilization
2024/07/16 (10:08:57) | WARNING: ROCm SMI: Failed to get PCIe throughput

2024/07/16 (15:25:39) | ===> btop++ v.1.3.2
2024/07/16 (15:25:39) | ERROR: No tty detected!
btop++ needs an interactive shell to run.

2024/07/16 (15:25:42) | ===> btop++ v.1.3.2
2024/07/16 (15:25:42) | ERROR: No tty detected!
btop++ needs an interactive shell to run.

2024/07/16 (15:25:43) | ===> btop++ v.1.3.2
2024/07/16 (15:25:43) | ERROR: No tty detected!
btop++ needs an interactive shell to run.

2024/07/16 (15:25:43) | ===> btop++ v.1.3.2
2024/07/16 (15:25:43) | ERROR: No tty detected!
btop++ needs an interactive shell to run.

2024/07/16 (15:25:44) | ===> btop++ v.1.3.2
2024/07/16 (15:25:44) | ERROR: No tty detected!
btop++ needs an interactive shell to run.

2024/07/16 (15:25:45) | ===> btop++ v.1.3.2
2024/07/16 (15:25:45) | ERROR: No tty detected!
btop++ needs an interactive shell to run.

2024/07/16 (15:25:45) | ===> btop++ v.1.3.2
2024/07/16 (15:25:45) | ERROR: No tty detected!
btop++ needs an interactive shell to run.

2024/07/16 (15:25:45) | ===> btop++ v.1.3.2
2024/07/16 (15:25:45) | ERROR: No tty detected!
btop++ needs an interactive shell to run.

2024/07/16 (15:25:48) | ===> btop++ v.1.3.2
2024/07/16 (15:25:48) | ERROR: No tty detected!
btop++ needs an interactive shell to run.

2024/07/16 (15:25:49) | ===> btop++ v.1.3.2
2024/07/16 (15:25:49) | ERROR: No tty detected!
btop++ needs an interactive shell to run.

2024/07/16 (15:25:51) | ===> btop++ v.1.3.2
2024/07/16 (15:25:51) | ERROR: No tty detected!
btop++ needs an interactive shell to run.

2024/07/16 (15:26:24) | ===> btop++ v.1.3.2
2024/07/16 (15:26:24) | WARNING: ROCm SMI: Failed to get device name
2024/07/16 (15:26:24) | WARNING: ROCm SMI: Failed to get maximum GPU temperature, defaulting to 110°C
2024/07/16 (15:26:24) | WARNING: ROCm SMI: Failed to get PCIe throughput
2024/07/16 (15:26:24) | WARNING: ROCm SMI: Failed to get maximum GPU power draw, defaulting to 225W
2024/07/16 (15:26:24) | WARNING: ROCm SMI: Failed to get maximum GPU temperature, defaulting to 110°C
2024/07/16 (15:26:24) | WARNING: ROCm SMI: Failed to get VRAM utilization
2024/07/16 (15:26:24) | WARNING: ROCm SMI: Failed to get PCIe throughput

2024/07/16 (15:27:45) | ===> btop++ v.1.3.2
2024/07/16 (15:27:45) | WARNING: ROCm SMI: Failed to get device name
2024/07/16 (15:27:45) | WARNING: ROCm SMI: Failed to get maximum GPU temperature, defaulting to 110°C
2024/07/16 (15:27:45) | WARNING: ROCm SMI: Failed to get PCIe throughput
2024/07/16 (15:27:45) | WARNING: ROCm SMI: Failed to get maximum GPU power draw, defaulting to 225W
2024/07/16 (15:27:45) | WARNING: ROCm SMI: Failed to get maximum GPU temperature, defaulting to 110°C
2024/07/16 (15:27:45) | WARNING: ROCm SMI: Failed to get VRAM utilization
2024/07/16 (15:27:45) | WARNING: ROCm SMI: Failed to get PCIe throughput

2024/07/16 (15:28:02) | ===> btop++ v.1.3.2
2024/07/16 (15:28:02) | WARNING: ROCm SMI: Failed to get device name
2024/07/16 (15:28:02) | WARNING: ROCm SMI: Failed to get maximum GPU temperature, defaulting to 110°C
2024/07/16 (15:28:02) | WARNING: ROCm SMI: Failed to get PCIe throughput
2024/07/16 (15:28:02) | WARNING: ROCm SMI: Failed to get maximum GPU power draw, defaulting to 225W
2024/07/16 (15:28:02) | WARNING: ROCm SMI: Failed to get maximum GPU temperature, defaulting to 110°C
2024/07/16 (15:28:02) | WARNING: ROCm SMI: Failed to get VRAM utilization
2024/07/16 (15:28:02) | WARNING: ROCm SMI: Failed to get PCIe throughput

2024/07/16 (15:29:03) | ===> btop++ v.1.3.2
2024/07/16 (15:29:03) | WARNING: ROCm SMI: Failed to get device name
2024/07/16 (15:29:03) | WARNING: ROCm SMI: Failed to get maximum GPU temperature, defaulting to 110°C
2024/07/16 (15:29:03) | WARNING: ROCm SMI: Failed to get PCIe throughput
2024/07/16 (15:29:03) | WARNING: ROCm SMI: Failed to get maximum GPU power draw, defaulting to 225W
2024/07/16 (15:29:03) | WARNING: ROCm SMI: Failed to get maximum GPU temperature, defaulting to 110°C
2024/07/16 (15:29:03) | WARNING: ROCm SMI: Failed to get VRAM utilization
2024/07/16 (15:29:03) | WARNING: ROCm SMI: Failed to get PCIe throughput

2024/07/16 (15:29:50) | ===> btop++ v.1.3.2
2024/07/16 (15:29:50) | WARNING: ROCm SMI: Failed to get device name
2024/07/16 (15:29:50) | WARNING: ROCm SMI: Failed to get maximum GPU temperature, defaulting to 110°C
2024/07/16 (15:29:50) | WARNING: ROCm SMI: Failed to get PCIe throughput
2024/07/16 (15:29:50) | WARNING: ROCm SMI: Failed to get maximum GPU power draw, defaulting to 225W
2024/07/16 (15:29:50) | WARNING: ROCm SMI: Failed to get maximum GPU temperature, defaulting to 110°C
2024/07/16 (15:29:50) | WARNING: ROCm SMI: Failed to get VRAM utilization
2024/07/16 (15:29:50) | WARNING: ROCm SMI: Failed to get PCIe throughput

2024/07/16 (15:30:28) | ===> btop++ v.1.3.2
2024/07/16 (15:30:28) | WARNING: ROCm SMI: Failed to get device name
2024/07/16 (15:30:28) | WARNING: ROCm SMI: Failed to get maximum GPU temperature, defaulting to 110°C
2024/07/16 (15:30:28) | WARNING: ROCm SMI: Failed to get PCIe throughput
2024/07/16 (15:30:28) | WARNING: ROCm SMI: Failed to get maximum GPU power draw, defaulting to 225W
2024/07/16 (15:30:28) | WARNING: ROCm SMI: Failed to get maximum GPU temperature, defaulting to 110°C
2024/07/16 (15:30:28) | WARNING: ROCm SMI: Failed to get VRAM utilization
2024/07/16 (15:30:28) | WARNING: ROCm SMI: Failed to get PCIe throughput

2024/07/16 (15:31:02) | ===> btop++ v.1.3.2
2024/07/16 (15:31:02) | WARNING: ROCm SMI: Failed to get device name
2024/07/16 (15:31:02) | WARNING: ROCm SMI: Failed to get maximum GPU temperature, defaulting to 110°C
2024/07/16 (15:31:02) | WARNING: ROCm SMI: Failed to get PCIe throughput
2024/07/16 (15:31:02) | WARNING: ROCm SMI: Failed to get maximum GPU power draw, defaulting to 225W
2024/07/16 (15:31:02) | WARNING: ROCm SMI: Failed to get maximum GPU temperature, defaulting to 110°C
2024/07/16 (15:31:02) | WARNING: ROCm SMI: Failed to get VRAM utilization
2024/07/16 (15:31:02) | WARNING: ROCm SMI: Failed to get PCIe throughput

2024/07/16 (15:31:28) | ===> btop++ v.1.3.2
2024/07/16 (15:31:28) | WARNING: ROCm SMI: Failed to get device name
2024/07/16 (15:31:28) | WARNING: ROCm SMI: Failed to get maximum GPU temperature, defaulting to 110°C
2024/07/16 (15:31:28) | WARNING: ROCm SMI: Failed to get PCIe throughput
2024/07/16 (15:31:28) | WARNING: ROCm SMI: Failed to get maximum GPU power draw, defaulting to 225W
2024/07/16 (15:31:28) | WARNING: ROCm SMI: Failed to get maximum GPU temperature, defaulting to 110°C
2024/07/16 (15:31:28) | WARNING: ROCm SMI: Failed to get VRAM utilization
2024/07/16 (15:31:28) | WARNING: ROCm SMI: Failed to get PCIe throughput

2024/07/16 (15:35:33) | ===> btop++ v.1.3.2
2024/07/16 (15:35:33) | WARNING: ROCm SMI: Failed to get device name
2024/07/16 (15:35:33) | WARNING: ROCm SMI: Failed to get maximum GPU temperature, defaulting to 110°C
2024/07/16 (15:35:33) | WARNING: ROCm SMI: Failed to get PCIe throughput
2024/07/16 (15:35:33) | WARNING: ROCm SMI: Failed to get maximum GPU power draw, defaulting to 225W
2024/07/16 (15:35:33) | WARNING: ROCm SMI: Failed to get maximum GPU temperature, defaulting to 110°C
2024/07/16 (15:35:33) | WARNING: ROCm SMI: Failed to get VRAM utilization
2024/07/16 (15:35:33) | WARNING: ROCm SMI: Failed to get PCIe throughput

2024/07/16 (15:37:44) | ===> btop++ v.1.3.2
2024/07/16 (15:37:44) | WARNING: ROCm SMI: Failed to get device name
2024/07/16 (15:37:44) | WARNING: ROCm SMI: Failed to get maximum GPU temperature, defaulting to 110°C
2024/07/16 (15:37:44) | WARNING: ROCm SMI: Failed to get PCIe throughput
2024/07/16 (15:37:44) | WARNING: ROCm SMI: Failed to get maximum GPU power draw, defaulting to 225W
2024/07/16 (15:37:44) | WARNING: ROCm SMI: Failed to get maximum GPU temperature, defaulting to 110°C
2024/07/16 (15:37:44) | WARNING: ROCm SMI: Failed to get VRAM utilization
2024/07/16 (15:37:44) | WARNING: ROCm SMI: Failed to get PCIe throughput

2024/07/16 (15:40:45) | ===> btop++ v.1.3.2
2024/07/16 (15:40:45) | WARNING: ROCm SMI: Failed to get device name
2024/07/16 (15:40:45) | WARNING: ROCm SMI: Failed to get maximum GPU temperature, defaulting to 110°C
2024/07/16 (15:40:45) | WARNING: ROCm SMI: Failed to get PCIe throughput
2024/07/16 (15:40:45) | WARNING: ROCm SMI: Failed to get maximum GPU power draw, defaulting to 225W
2024/07/16 (15:40:45) | WARNING: ROCm SMI: Failed to get maximum GPU temperature, defaulting to 110°C
2024/07/16 (15:40:45) | WARNING: ROCm SMI: Failed to get VRAM utilization
2024/07/16 (15:40:45) | WARNING: ROCm SMI: Failed to get PCIe throughput

2024/07/16 (15:40:59) | ===> btop++ v.1.3.2
2024/07/16 (15:40:59) | WARNING: ROCm SMI: Failed to get device name
2024/07/16 (15:40:59) | WARNING: ROCm SMI: Failed to get maximum GPU temperature, defaulting to 110°C
2024/07/16 (15:40:59) | WARNING: ROCm SMI: Failed to get PCIe throughput
2024/07/16 (15:40:59) | WARNING: ROCm SMI: Failed to get maximum GPU power draw, defaulting to 225W
2024/07/16 (15:40:59) | WARNING: ROCm SMI: Failed to get maximum GPU temperature, defaulting to 110°C
2024/07/16 (15:40:59) | WARNING: ROCm SMI: Failed to get VRAM utilization
2024/07/16 (15:40:59) | WARNING: ROCm SMI: Failed to get PCIe throughput

2024/07/16 (15:41:03) | ===> btop++ v.1.3.2
2024/07/16 (15:41:03) | WARNING: ROCm SMI: Failed to get device name
2024/07/16 (15:41:03) | WARNING: ROCm SMI: Failed to get maximum GPU temperature, defaulting to 110°C
2024/07/16 (15:41:03) | WARNING: ROCm SMI: Failed to get PCIe throughput
2024/07/16 (15:41:03) | WARNING: ROCm SMI: Failed to get maximum GPU power draw, defaulting to 225W
2024/07/16 (15:41:03) | WARNING: ROCm SMI: Failed to get maximum GPU temperature, defaulting to 110°C
2024/07/16 (15:41:03) | WARNING: ROCm SMI: Failed to get VRAM utilization
2024/07/16 (15:41:03) | WARNING: ROCm SMI: Failed to get PCIe throughput

2024/07/16 (15:41:25) | ===> btop++ v.1.3.2
2024/07/16 (15:41:25) | WARNING: ROCm SMI: Failed to get device name
2024/07/16 (15:41:25) | WARNING: ROCm SMI: Failed to get maximum GPU temperature, defaulting to 110°C
2024/07/16 (15:41:25) | WARNING: ROCm SMI: Failed to get PCIe throughput
2024/07/16 (15:41:25) | WARNING: ROCm SMI: Failed to get maximum GPU power draw, defaulting to 225W
2024/07/16 (15:41:25) | WARNING: ROCm SMI: Failed to get maximum GPU temperature, defaulting to 110°C
2024/07/16 (15:41:25) | WARNING: ROCm SMI: Failed to get VRAM utilization
2024/07/16 (15:41:25) | WARNING: ROCm SMI: Failed to get PCIe throughput

2024/07/16 (15:41:37) | ===> btop++ v.1.3.2
2024/07/16 (15:41:37) | WARNING: ROCm SMI: Failed to get device name
2024/07/16 (15:41:37) | WARNING: ROCm SMI: Failed to get maximum GPU temperature, defaulting to 110°C
2024/07/16 (15:41:37) | WARNING: ROCm SMI: Failed to get PCIe throughput
2024/07/16 (15:41:37) | WARNING: ROCm SMI: Failed to get maximum GPU power draw, defaulting to 225W
2024/07/16 (15:41:37) | WARNING: ROCm SMI: Failed to get maximum GPU temperature, defaulting to 110°C
2024/07/16 (15:41:37) | WARNING: ROCm SMI: Failed to get VRAM utilization
2024/07/16 (15:41:37) | WARNING: ROCm SMI: Failed to get PCIe throughput

2024/07/16 (15:48:34) | ===> btop++ v.1.3.2
2024/07/16 (15:48:34) | WARNING: ROCm SMI: Failed to get device name
2024/07/16 (15:48:34) | WARNING: ROCm SMI: Failed to get maximum GPU temperature, defaulting to 110°C
2024/07/16 (15:48:34) | WARNING: ROCm SMI: Failed to get PCIe throughput
2024/07/16 (15:48:34) | WARNING: ROCm SMI: Failed to get maximum GPU power draw, defaulting to 225W
2024/07/16 (15:48:34) | WARNING: ROCm SMI: Failed to get maximum GPU temperature, defaulting to 110°C
2024/07/16 (15:48:34) | WARNING: ROCm SMI: Failed to get VRAM utilization
2024/07/16 (15:48:34) | WARNING: ROCm SMI: Failed to get PCIe throughput

2024/07/16 (18:35:02) | ===> btop++ v.1.3.2
2024/07/16 (18:35:02) | WARNING: ROCm SMI: Failed to get device name
2024/07/16 (18:35:02) | WARNING: ROCm SMI: Failed to get maximum GPU temperature, defaulting to 110°C
2024/07/16 (18:35:02) | WARNING: ROCm SMI: Failed to get PCIe throughput
2024/07/16 (18:35:02) | WARNING: ROCm SMI: Failed to get maximum GPU power draw, defaulting to 225W
2024/07/16 (18:35:02) | WARNING: ROCm SMI: Failed to get maximum GPU temperature, defaulting to 110°C
2024/07/16 (18:35:02) | WARNING: ROCm SMI: Failed to get VRAM utilization
2024/07/16 (18:35:02) | WARNING: ROCm SMI: Failed to get PCIe throughput

2024/07/16 (18:35:23) | ===> btop++ v.1.3.2
2024/07/16 (18:35:23) | WARNING: ROCm SMI: Failed to get device name
2024/07/16 (18:35:23) | WARNING: ROCm SMI: Failed to get maximum GPU temperature, defaulting to 110°C
2024/07/16 (18:35:23) | WARNING: ROCm SMI: Failed to get PCIe throughput
2024/07/16 (18:35:23) | WARNING: ROCm SMI: Failed to get maximum GPU power draw, defaulting to 225W
2024/07/16 (18:35:23) | WARNING: ROCm SMI: Failed to get maximum GPU temperature, defaulting to 110°C
2024/07/16 (18:35:23) | WARNING: ROCm SMI: Failed to get VRAM utilization
2024/07/16 (18:35:23) | WARNING: ROCm SMI: Failed to get PCIe throughput

2024/07/16 (18:35:28) | ===> btop++ v.1.3.2
2024/07/16 (18:35:28) | WARNING: ROCm SMI: Failed to get device name
2024/07/16 (18:35:28) | WARNING: ROCm SMI: Failed to get maximum GPU temperature, defaulting to 110°C
2024/07/16 (18:35:28) | WARNING: ROCm SMI: Failed to get PCIe throughput
2024/07/16 (18:35:28) | WARNING: ROCm SMI: Failed to get maximum GPU power draw, defaulting to 225W
2024/07/16 (18:35:28) | WARNING: ROCm SMI: Failed to get maximum GPU temperature, defaulting to 110°C
2024/07/16 (18:35:28) | WARNING: ROCm SMI: Failed to get VRAM utilization
2024/07/16 (18:35:28) | WARNING: ROCm SMI: Failed to get PCIe throughput

2024/07/16 (18:37:26) | ===> btop++ v.1.3.2
2024/07/16 (18:37:26) | WARNING: ROCm SMI: Failed to get device name
2024/07/16 (18:37:26) | WARNING: ROCm SMI: Failed to get maximum GPU temperature, defaulting to 110°C
2024/07/16 (18:37:26) | WARNING: ROCm SMI: Failed to get PCIe throughput
2024/07/16 (18:37:26) | WARNING: ROCm SMI: Failed to get maximum GPU power draw, defaulting to 225W
2024/07/16 (18:37:26) | WARNING: ROCm SMI: Failed to get maximum GPU temperature, defaulting to 110°C
2024/07/16 (18:37:26) | WARNING: ROCm SMI: Failed to get VRAM utilization
2024/07/16 (18:37:26) | WARNING: ROCm SMI: Failed to get PCIe throughput

2024/07/16 (18:38:28) | ===> btop++ v.1.3.2
2024/07/16 (18:38:28) | WARNING: ROCm SMI: Failed to get device name
2024/07/16 (18:38:28) | WARNING: ROCm SMI: Failed to get maximum GPU temperature, defaulting to 110°C
2024/07/16 (18:38:28) | WARNING: ROCm SMI: Failed to get PCIe throughput
2024/07/16 (18:38:28) | WARNING: ROCm SMI: Failed to get maximum GPU power draw, defaulting to 225W
2024/07/16 (18:38:28) | WARNING: ROCm SMI: Failed to get maximum GPU temperature, defaulting to 110°C
2024/07/16 (18:38:28) | WARNING: ROCm SMI: Failed to get VRAM utilization
2024/07/16 (18:38:28) | WARNING: ROCm SMI: Failed to get PCIe throughput

2024/07/16 (18:38:57) | ===> btop++ v.1.3.2
2024/07/16 (18:38:57) | WARNING: ROCm SMI: Failed to get device name
2024/07/16 (18:38:57) | WARNING: ROCm SMI: Failed to get maximum GPU temperature, defaulting to 110°C
2024/07/16 (18:38:57) | WARNING: ROCm SMI: Failed to get PCIe throughput
2024/07/16 (18:38:57) | WARNING: ROCm SMI: Failed to get maximum GPU power draw, defaulting to 225W
2024/07/16 (18:38:57) | WARNING: ROCm SMI: Failed to get maximum GPU temperature, defaulting to 110°C
2024/07/16 (18:38:57) | WARNING: ROCm SMI: Failed to get VRAM utilization
2024/07/16 (18:38:57) | WARNING: ROCm SMI: Failed to get PCIe throughput

2024/07/16 (18:39:41) | ===> btop++ v.1.3.2
2024/07/16 (18:39:41) | WARNING: ROCm SMI: Failed to get device name
2024/07/16 (18:39:41) | WARNING: ROCm SMI: Failed to get maximum GPU temperature, defaulting to 110°C
2024/07/16 (18:39:41) | WARNING: ROCm SMI: Failed to get PCIe throughput
2024/07/16 (18:39:41) | WARNING: ROCm SMI: Failed to get maximum GPU power draw, defaulting to 225W
2024/07/16 (18:39:41) | WARNING: ROCm SMI: Failed to get maximum GPU temperature, defaulting to 110°C
2024/07/16 (18:39:41) | WARNING: ROCm SMI: Failed to get VRAM utilization
2024/07/16 (18:39:41) | WARNING: ROCm SMI: Failed to get PCIe throughput
2024/07/16 (18:39:43) | ERROR: Exception during Config::unlock() : unordered_map::at

2024/07/16 (18:39:46) | ===> btop++ v.1.3.2
2024/07/16 (18:39:46) | WARNING: ROCm SMI: Failed to get device name
2024/07/16 (18:39:46) | WARNING: ROCm SMI: Failed to get maximum GPU temperature, defaulting to 110°C
2024/07/16 (18:39:46) | WARNING: ROCm SMI: Failed to get PCIe throughput
2024/07/16 (18:39:46) | WARNING: ROCm SMI: Failed to get maximum GPU power draw, defaulting to 225W
2024/07/16 (18:39:46) | WARNING: ROCm SMI: Failed to get maximum GPU temperature, defaulting to 110°C
2024/07/16 (18:39:46) | WARNING: ROCm SMI: Failed to get VRAM utilization
2024/07/16 (18:39:46) | WARNING: ROCm SMI: Failed to get PCIe throughput

2024/07/16 (18:41:00) | ===> btop++ v.1.3.2
2024/07/16 (18:41:00) | WARNING: ROCm SMI: Failed to get device name
2024/07/16 (18:41:00) | WARNING: ROCm SMI: Failed to get maximum GPU temperature, defaulting to 110°C
2024/07/16 (18:41:00) | WARNING: ROCm SMI: Failed to get PCIe throughput
2024/07/16 (18:41:00) | WARNING: ROCm SMI: Failed to get maximum GPU power draw, defaulting to 225W
2024/07/16 (18:41:00) | WARNING: ROCm SMI: Failed to get maximum GPU temperature, defaulting to 110°C
2024/07/16 (18:41:00) | WARNING: ROCm SMI: Failed to get VRAM utilization
2024/07/16 (18:41:00) | WARNING: ROCm SMI: Failed to get PCIe throughput

2024/07/16 (18:44:32) | ===> btop++ v.1.3.2
2024/07/16 (18:44:32) | WARNING: ROCm SMI: Failed to get device name
2024/07/16 (18:44:32) | WARNING: ROCm SMI: Failed to get maximum GPU temperature, defaulting to 110°C
2024/07/16 (18:44:32) | WARNING: ROCm SMI: Failed to get PCIe throughput
2024/07/16 (18:44:32) | WARNING: ROCm SMI: Failed to get maximum GPU power draw, defaulting to 225W
2024/07/16 (18:44:32) | WARNING: ROCm SMI: Failed to get maximum GPU temperature, defaulting to 110°C
2024/07/16 (18:44:32) | WARNING: ROCm SMI: Failed to get VRAM utilization
2024/07/16 (18:44:32) | WARNING: ROCm SMI: Failed to get PCIe throughput

2024/07/16 (18:44:54) | ===> btop++ v.1.3.2
2024/07/16 (18:44:54) | WARNING: ROCm SMI: Failed to get device name
2024/07/16 (18:44:54) | WARNING: ROCm SMI: Failed to get maximum GPU temperature, defaulting to 110°C
2024/07/16 (18:44:54) | WARNING: ROCm SMI: Failed to get PCIe throughput
2024/07/16 (18:44:54) | WARNING: ROCm SMI: Failed to get maximum GPU power draw, defaulting to 225W
2024/07/16 (18:44:54) | WARNING: ROCm SMI: Failed to get maximum GPU temperature, defaulting to 110°C
2024/07/16 (18:44:54) | WARNING: ROCm SMI: Failed to get VRAM utilization
2024/07/16 (18:44:54) | WARNING: ROCm SMI: Failed to get PCIe throughput

2024/07/16 (18:45:03) | ===> btop++ v.1.3.2
2024/07/16 (18:45:03) | WARNING: ROCm SMI: Failed to get device name
2024/07/16 (18:45:03) | WARNING: ROCm SMI: Failed to get maximum GPU temperature, defaulting to 110°C
2024/07/16 (18:45:03) | WARNING: ROCm SMI: Failed to get PCIe throughput
2024/07/16 (18:45:03) | WARNING: ROCm SMI: Failed to get maximum GPU power draw, defaulting to 225W
2024/07/16 (18:45:03) | WARNING: ROCm SMI: Failed to get maximum GPU temperature, defaulting to 110°C
2024/07/16 (18:45:03) | WARNING: ROCm SMI: Failed to get VRAM utilization
2024/07/16 (18:45:03) | WARNING: ROCm SMI: Failed to get PCIe throughput

2024/07/16 (18:45:23) | ===> btop++ v.1.3.2
2024/07/16 (18:45:23) | WARNING: ROCm SMI: Failed to get device name
2024/07/16 (18:45:23) | WARNING: ROCm SMI: Failed to get maximum GPU temperature, defaulting to 110°C
2024/07/16 (18:45:23) | WARNING: ROCm SMI: Failed to get PCIe throughput
2024/07/16 (18:45:23) | WARNING: ROCm SMI: Failed to get maximum GPU power draw, defaulting to 225W
2024/07/16 (18:45:23) | WARNING: ROCm SMI: Failed to get maximum GPU temperature, defaulting to 110°C
2024/07/16 (18:45:23) | WARNING: ROCm SMI: Failed to get VRAM utilization
2024/07/16 (18:45:23) | WARNING: ROCm SMI: Failed to get PCIe throughput

2024/07/16 (18:45:31) | ===> btop++ v.1.3.2
2024/07/16 (18:45:31) | WARNING: ROCm SMI: Failed to get device name
2024/07/16 (18:45:31) | WARNING: ROCm SMI: Failed to get maximum GPU temperature, defaulting to 110°C
2024/07/16 (18:45:31) | WARNING: ROCm SMI: Failed to get PCIe throughput
2024/07/16 (18:45:31) | WARNING: ROCm SMI: Failed to get maximum GPU power draw, defaulting to 225W
2024/07/16 (18:45:31) | WARNING: ROCm SMI: Failed to get maximum GPU temperature, defaulting to 110°C
2024/07/16 (18:45:31) | WARNING: ROCm SMI: Failed to get VRAM utilization
2024/07/16 (18:45:31) | WARNING: ROCm SMI: Failed to get PCIe throughput

2024/07/16 (18:46:55) | ===> btop++ v.1.3.2
2024/07/16 (18:46:55) | WARNING: ROCm SMI: Failed to get device name
2024/07/16 (18:46:55) | WARNING: ROCm SMI: Failed to get maximum GPU temperature, defaulting to 110°C
2024/07/16 (18:46:55) | WARNING: ROCm SMI: Failed to get PCIe throughput
2024/07/16 (18:46:55) | WARNING: ROCm SMI: Failed to get maximum GPU power draw, defaulting to 225W
2024/07/16 (18:46:55) | WARNING: ROCm SMI: Failed to get maximum GPU temperature, defaulting to 110°C
2024/07/16 (18:46:55) | WARNING: ROCm SMI: Failed to get VRAM utilization
2024/07/16 (18:46:55) | WARNING: ROCm SMI: Failed to get PCIe throughput

2024/07/16 (18:47:17) | ===> btop++ v.1.3.2
2024/07/16 (18:47:17) | WARNING: ROCm SMI: Failed to get device name
2024/07/16 (18:47:17) | WARNING: ROCm SMI: Failed to get maximum GPU temperature, defaulting to 110°C
2024/07/16 (18:47:17) | WARNING: ROCm SMI: Failed to get PCIe throughput
2024/07/16 (18:47:17) | WARNING: ROCm SMI: Failed to get maximum GPU power draw, defaulting to 225W
2024/07/16 (18:47:17) | WARNING: ROCm SMI: Failed to get maximum GPU temperature, defaulting to 110°C
2024/07/16 (18:47:17) | WARNING: ROCm SMI: Failed to get VRAM utilization
2024/07/16 (18:47:17) | WARNING: ROCm SMI: Failed to get PCIe throughput

2024/07/16 (18:47:19) | ===> btop++ v.1.3.2
2024/07/16 (18:47:19) | WARNING: ROCm SMI: Failed to get device name
2024/07/16 (18:47:19) | WARNING: ROCm SMI: Failed to get maximum GPU temperature, defaulting to 110°C
2024/07/16 (18:47:19) | WARNING: ROCm SMI: Failed to get PCIe throughput
2024/07/16 (18:47:19) | WARNING: ROCm SMI: Failed to get maximum GPU power draw, defaulting to 225W
2024/07/16 (18:47:19) | WARNING: ROCm SMI: Failed to get maximum GPU temperature, defaulting to 110°C
2024/07/16 (18:47:19) | WARNING: ROCm SMI: Failed to get VRAM utilization
2024/07/16 (18:47:19) | WARNING: ROCm SMI: Failed to get PCIe throughput

2024/07/16 (18:48:09) | ===> btop++ v.1.3.2
2024/07/16 (18:48:09) | WARNING: ROCm SMI: Failed to get device name
2024/07/16 (18:48:09) | WARNING: ROCm SMI: Failed to get maximum GPU temperature, defaulting to 110°C
2024/07/16 (18:48:09) | WARNING: ROCm SMI: Failed to get PCIe throughput
2024/07/16 (18:48:09) | WARNING: ROCm SMI: Failed to get maximum GPU power draw, defaulting to 225W
2024/07/16 (18:48:09) | WARNING: ROCm SMI: Failed to get maximum GPU temperature, defaulting to 110°C
2024/07/16 (18:48:09) | WARNING: ROCm SMI: Failed to get VRAM utilization
2024/07/16 (18:48:09) | WARNING: ROCm SMI: Failed to get PCIe throughput

2024/07/16 (18:48:26) | ===> btop++ v.1.3.2
2024/07/16 (18:48:26) | WARNING: ROCm SMI: Failed to get device name
2024/07/16 (18:48:26) | WARNING: ROCm SMI: Failed to get maximum GPU temperature, defaulting to 110°C
2024/07/16 (18:48:26) | WARNING: ROCm SMI: Failed to get PCIe throughput
2024/07/16 (18:48:26) | WARNING: ROCm SMI: Failed to get maximum GPU power draw, defaulting to 225W
2024/07/16 (18:48:26) | WARNING: ROCm SMI: Failed to get maximum GPU temperature, defaulting to 110°C
2024/07/16 (18:48:26) | WARNING: ROCm SMI: Failed to get VRAM utilization
2024/07/16 (18:48:26) | WARNING: ROCm SMI: Failed to get PCIe throughput

2024/07/16 (18:48:45) | ===> btop++ v.1.3.2
2024/07/16 (18:48:45) | WARNING: ROCm SMI: Failed to get device name
2024/07/16 (18:48:45) | WARNING: ROCm SMI: Failed to get maximum GPU temperature, defaulting to 110°C
2024/07/16 (18:48:45) | WARNING: ROCm SMI: Failed to get PCIe throughput
2024/07/16 (18:48:45) | WARNING: ROCm SMI: Failed to get maximum GPU power draw, defaulting to 225W
2024/07/16 (18:48:45) | WARNING: ROCm SMI: Failed to get maximum GPU temperature, defaulting to 110°C
2024/07/16 (18:48:45) | WARNING: ROCm SMI: Failed to get VRAM utilization
2024/07/16 (18:48:45) | WARNING: ROCm SMI: Failed to get PCIe throughput

2024/07/16 (19:11:33) | ===> btop++ v.1.3.2
2024/07/16 (19:11:33) | WARNING: ROCm SMI: Failed to get device name
2024/07/16 (19:11:33) | WARNING: ROCm SMI: Failed to get maximum GPU temperature, defaulting to 110°C
2024/07/16 (19:11:33) | WARNING: ROCm SMI: Failed to get PCIe throughput
2024/07/16 (19:11:33) | WARNING: ROCm SMI: Failed to get maximum GPU power draw, defaulting to 225W
2024/07/16 (19:11:33) | WARNING: ROCm SMI: Failed to get maximum GPU temperature, defaulting to 110°C
2024/07/16 (19:11:33) | WARNING: ROCm SMI: Failed to get VRAM utilization
2024/07/16 (19:11:33) | WARNING: ROCm SMI: Failed to get PCIe throughput

2024/07/16 (19:11:43) | ===> btop++ v.1.3.2
2024/07/16 (19:11:43) | WARNING: ROCm SMI: Failed to get device name
2024/07/16 (19:11:43) | WARNING: ROCm SMI: Failed to get maximum GPU temperature, defaulting to 110°C
2024/07/16 (19:11:43) | WARNING: ROCm SMI: Failed to get PCIe throughput
2024/07/16 (19:11:43) | WARNING: ROCm SMI: Failed to get maximum GPU power draw, defaulting to 225W
2024/07/16 (19:11:43) | WARNING: ROCm SMI: Failed to get maximum GPU temperature, defaulting to 110°C
2024/07/16 (19:11:43) | WARNING: ROCm SMI: Failed to get VRAM utilization
2024/07/16 (19:11:43) | WARNING: ROCm SMI: Failed to get PCIe throughput

2024/07/16 (19:12:04) | ===> btop++ v.1.3.2
2024/07/16 (19:12:04) | WARNING: ROCm SMI: Failed to get device name
2024/07/16 (19:12:04) | WARNING: ROCm SMI: Failed to get maximum GPU temperature, defaulting to 110°C
2024/07/16 (19:12:04) | WARNING: ROCm SMI: Failed to get PCIe throughput
2024/07/16 (19:12:04) | WARNING: ROCm SMI: Failed to get maximum GPU power draw, defaulting to 225W
2024/07/16 (19:12:04) | WARNING: ROCm SMI: Failed to get maximum GPU temperature, defaulting to 110°C
2024/07/16 (19:12:04) | WARNING: ROCm SMI: Failed to get VRAM utilization
2024/07/16 (19:12:04) | WARNING: ROCm SMI: Failed to get PCIe throughput

2024/07/17 (01:10:06) | ===> btop++ v.1.3.2
2024/07/17 (01:10:06) | WARNING: ROCm SMI: Failed to get device name
2024/07/17 (01:10:06) | WARNING: ROCm SMI: Failed to get maximum GPU temperature, defaulting to 110°C
2024/07/17 (01:10:06) | WARNING: ROCm SMI: Failed to get PCIe throughput
2024/07/17 (01:10:06) | WARNING: ROCm SMI: Failed to get maximum GPU power draw, defaulting to 225W
2024/07/17 (01:10:06) | WARNING: ROCm SMI: Failed to get maximum GPU temperature, defaulting to 110°C
2024/07/17 (01:10:06) | WARNING: ROCm SMI: Failed to get VRAM utilization
2024/07/17 (01:10:06) | WARNING: ROCm SMI: Failed to get PCIe throughput

2024/07/17 (16:06:12) | ===> btop++ v.1.3.2
2024/07/17 (16:06:12) | WARNING: ROCm SMI: Failed to get device name
2024/07/17 (16:06:12) | WARNING: ROCm SMI: Failed to get maximum GPU temperature, defaulting to 110°C
2024/07/17 (16:06:12) | WARNING: ROCm SMI: Failed to get PCIe throughput
2024/07/17 (16:06:12) | WARNING: ROCm SMI: Failed to get maximum GPU power draw, defaulting to 225W
2024/07/17 (16:06:12) | WARNING: ROCm SMI: Failed to get maximum GPU temperature, defaulting to 110°C
2024/07/17 (16:06:12) | WARNING: ROCm SMI: Failed to get VRAM utilization
2024/07/17 (16:06:12) | WARNING: ROCm SMI: Failed to get PCIe throughput

2024/07/17 (16:06:58) | ===> btop++ v.1.3.2
2024/07/17 (16:06:58) | WARNING: ROCm SMI: Failed to get device name
2024/07/17 (16:06:58) | WARNING: ROCm SMI: Failed to get maximum GPU temperature, defaulting to 110°C
2024/07/17 (16:06:58) | WARNING: ROCm SMI: Failed to get PCIe throughput
2024/07/17 (16:06:58) | WARNING: ROCm SMI: Failed to get maximum GPU power draw, defaulting to 225W
2024/07/17 (16:06:58) | WARNING: ROCm SMI: Failed to get maximum GPU temperature, defaulting to 110°C
2024/07/17 (16:06:58) | WARNING: ROCm SMI: Failed to get VRAM utilization
2024/07/17 (16:06:58) | WARNING: ROCm SMI: Failed to get PCIe throughput

2024/07/17 (16:07:55) | ===> btop++ v.1.3.2
2024/07/17 (16:07:55) | WARNING: ROCm SMI: Failed to get device name
2024/07/17 (16:07:55) | WARNING: ROCm SMI: Failed to get maximum GPU temperature, defaulting to 110°C
2024/07/17 (16:07:55) | WARNING: ROCm SMI: Failed to get PCIe throughput
2024/07/17 (16:07:55) | WARNING: ROCm SMI: Failed to get maximum GPU power draw, defaulting to 225W
2024/07/17 (16:07:55) | WARNING: ROCm SMI: Failed to get maximum GPU temperature, defaulting to 110°C
2024/07/17 (16:07:55) | WARNING: ROCm SMI: Failed to get VRAM utilization
2024/07/17 (16:07:55) | WARNING: ROCm SMI: Failed to get PCIe throughput

2024/07/17 (16:08:17) | ===> btop++ v.1.3.2
2024/07/17 (16:08:17) | WARNING: ROCm SMI: Failed to get device name
2024/07/17 (16:08:17) | WARNING: ROCm SMI: Failed to get maximum GPU temperature, defaulting to 110°C
2024/07/17 (16:08:17) | WARNING: ROCm SMI: Failed to get PCIe throughput
2024/07/17 (16:08:17) | WARNING: ROCm SMI: Failed to get maximum GPU power draw, defaulting to 225W
2024/07/17 (16:08:17) | WARNING: ROCm SMI: Failed to get maximum GPU temperature, defaulting to 110°C
2024/07/17 (16:08:17) | WARNING: ROCm SMI: Failed to get VRAM utilization
2024/07/17 (16:08:17) | WARNING: ROCm SMI: Failed to get PCIe throughput

2024/07/18 (00:12:53) | ===> btop++ v.1.3.2
2024/07/18 (00:12:53) | WARNING: ROCm SMI: Failed to get device name
2024/07/18 (00:12:53) | WARNING: ROCm SMI: Failed to get maximum GPU temperature, defaulting to 110°C
2024/07/18 (00:12:53) | WARNING: ROCm SMI: Failed to get PCIe throughput
2024/07/18 (00:12:53) | WARNING: ROCm SMI: Failed to get maximum GPU power draw, defaulting to 225W
2024/07/18 (00:12:53) | WARNING: ROCm SMI: Failed to get maximum GPU temperature, defaulting to 110°C
2024/07/18 (00:12:53) | WARNING: ROCm SMI: Failed to get VRAM utilization
2024/07/18 (00:12:53) | WARNING: ROCm SMI: Failed to get PCIe throughput
